# JRE version: Java(TM) SE Runtime Environment (19.0.2+7) (build 19.0.2+7-44)
# Java VM: Java HotSpot(TM) 64-Bit Server VM (19.0.2+7-44, mixed mode, emulated-client, sharing, tiered, compressed oops, compressed class ptrs, g1 gc, windows-amd64)
GC Precious Log:
 CardTable entry size: 512
 Card Set container configuration: InlinePtr #cards 4 size 8 Array Of Cards #cards 16 size 48 Howl #buckets 8 coarsen threshold 3686 Howl Bitmap #cards 512 size 80 coarsen threshold 460 Card regions per heap region 1 cards per card region 4096
 CPUs: 12 total, 12 available
 Memory: 14188M
 Large Page Support: Disabled
 NUMA Support: Disabled
 Compressed Oops: Enabled (Zero based)
 Heap Region Size: 2M
 Heap Min Capacity: 8M
 Heap Initial Capacity: 222M
 Heap Max Capacity: 3548M
 Pre-touch: Disabled
 Parallel Workers: 10
 Concurrent Workers: 3
 Concurrent Refinement Workers: 10
 Periodic GC: Disabled
Heap:
 garbage-first heap   total 90112K, used 34675K [0x0000000722400000, 0x0000000800000000)
  region size 2048K, 5 young (10240K), 1 survivors (2048K)
 Metaspace       used 64705K, committed 65472K, reserved 1114112K
  class space    used 8775K, committed 9152K, reserved 1048576K
GC Heap History (20 events):
Event: 1.492 GC heap before
{Heap before GC invocations=5 (full 0):
 garbage-first heap   total 61440K, used 17776K [0x0000000722400000, 0x0000000800000000)
  region size 2048K, 3 young (6144K), 2 survivors (4096K)
 Metaspace       used 25649K, committed 26176K, reserved 1114112K
  class space    used 3379K, committed 3648K, reserved 1048576K
}
Event: 1.495 GC heap after
{Heap after GC invocations=6 (full 0):
 garbage-first heap   total 61440K, used 15891K [0x0000000722400000, 0x0000000800000000)
  region size 2048K, 1 young (2048K), 1 survivors (2048K)
 Metaspace       used 25649K, committed 26176K, reserved 1114112K
  class space    used 3379K, committed 3648K, reserved 1048576K
}
Event: 1.737 GC heap before
{Heap before GC invocations=6 (full 0):
 garbage-first heap   total 61440K, used 38419K [0x0000000722400000, 0x0000000800000000)
  region size 2048K, 13 young (26624K), 1 survivors (2048K)
 Metaspace       used 29612K, committed 30144K, reserved 1114112K
  class space    used 3898K, committed 4160K, reserved 1048576K
}
Event: 1.738 GC heap after
{Heap after GC invocations=7 (full 0):
 garbage-first heap   total 61440K, used 17439K [0x0000000722400000, 0x0000000800000000)
  region size 2048K, 2 young (4096K), 2 survivors (4096K)
 Metaspace       used 29612K, committed 30144K, reserved 1114112K
  class space    used 3898K, committed 4160K, reserved 1048576K
}
Event: 1.960 GC heap before
{Heap before GC invocations=7 (full 0):
 garbage-first heap   total 61440K, used 42015K [0x0000000722400000, 0x0000000800000000)
  region size 2048K, 14 young (28672K), 2 survivors (4096K)
 Metaspace       used 34506K, committed 35136K, reserved 1114112K
  class space    used 4575K, committed 4864K, reserved 1048576K
}
Event: 1.962 GC heap after
{Heap after GC invocations=8 (full 0):
 garbage-first heap   total 61440K, used 18500K [0x0000000722400000, 0x0000000800000000)
  region size 2048K, 2 young (4096K), 2 survivors (4096K)
 Metaspace       used 34506K, committed 35136K, reserved 1114112K
  class space    used 4575K, committed 4864K, reserved 1048576K
}
Event: 2.013 GC heap before
{Heap before GC invocations=8 (full 0):
 garbage-first heap   total 61440K, used 22596K [0x0000000722400000, 0x0000000800000000)
  region size 2048K, 5 young (10240K), 2 survivors (4096K)
 Metaspace       used 35534K, committed 36096K, reserved 1114112K
  class space    used 4776K, committed 5056K, reserved 1048576K
}
Event: 2.015 GC heap after
{Heap after GC invocations=9 (full 0):
 garbage-first heap   total 61440K, used 18847K [0x0000000722400000, 0x0000000800000000)
  region size 2048K, 1 young (2048K), 1 survivors (2048K)
 Metaspace       used 35534K, committed 36096K, reserved 1114112K
  class space    used 4776K, committed 5056K, reserved 1048576K
}
Event: 2.335 GC heap before
{Heap before GC invocations=10 (full 0):
 garbage-first heap   total 61440K, used 45471K [0x0000000722400000, 0x0000000800000000)
  region size 2048K, 14 young (28672K), 1 survivors (2048K)
 Metaspace       used 44651K, committed 45184K, reserved 1114112K
  class space    used 5897K, committed 6144K, reserved 1048576K
}
Event: 2.337 GC heap after
{Heap after GC invocations=11 (full 0):
 garbage-first heap   total 61440K, used 20789K [0x0000000722400000, 0x0000000800000000)
  region size 2048K, 2 young (4096K), 2 survivors (4096K)
 Metaspace       used 44651K, committed 45184K, reserved 1114112K
  class space    used 5897K, committed 6144K, reserved 1048576K
}
Event: 2.358 GC heap before
{Heap before GC invocations=11 (full 0):
 garbage-first heap   total 61440K, used 22837K [0x0000000722400000, 0x0000000800000000)
  region size 2048K, 3 young (6144K), 2 survivors (4096K)
 Metaspace       used 45118K, committed 45632K, reserved 1114112K
  class space    used 5957K, committed 6208K, reserved 1048576K
}
Event: 2.360 GC heap after
{Heap after GC invocations=12 (full 0):
 garbage-first heap   total 61440K, used 20687K [0x0000000722400000, 0x0000000800000000)
  region size 2048K, 1 young (2048K), 1 survivors (2048K)
 Metaspace       used 45118K, committed 45632K, reserved 1114112K
  class space    used 5957K, committed 6208K, reserved 1048576K
}
Event: 2.578 GC heap before
{Heap before GC invocations=12 (full 0):
 garbage-first heap   total 61440K, used 43215K [0x0000000722400000, 0x0000000800000000)
  region size 2048K, 13 young (26624K), 1 survivors (2048K)
 Metaspace       used 50393K, committed 51072K, reserved 1114112K
  class space    used 6714K, committed 7040K, reserved 1048576K
}
Event: 2.579 GC heap after
{Heap after GC invocations=13 (full 0):
 garbage-first heap   total 104448K, used 21689K [0x0000000722400000, 0x0000000800000000)
  region size 2048K, 1 young (2048K), 1 survivors (2048K)
 Metaspace       used 50393K, committed 51072K, reserved 1114112K
  class space    used 6714K, committed 7040K, reserved 1048576K
}
Event: 3.071 GC heap before
{Heap before GC invocations=13 (full 0):
 garbage-first heap   total 104448K, used 64697K [0x0000000722400000, 0x0000000800000000)
  region size 2048K, 24 young (49152K), 1 survivors (2048K)
 Metaspace       used 59816K, committed 60416K, reserved 1114112K
  class space    used 8018K, committed 8320K, reserved 1048576K
}
Event: 3.073 GC heap after
{Heap after GC invocations=14 (full 0):
 garbage-first heap   total 104448K, used 24029K [0x0000000722400000, 0x0000000800000000)
  region size 2048K, 2 young (4096K), 2 survivors (4096K)
 Metaspace       used 59816K, committed 60416K, reserved 1114112K
  class space    used 8018K, committed 8320K, reserved 1048576K
}
Event: 3.415 GC heap before
{Heap before GC invocations=15 (full 0):
 garbage-first heap   total 90112K, used 73181K [0x0000000722400000, 0x0000000800000000)
  region size 2048K, 26 young (53248K), 2 survivors (4096K)
 Metaspace       used 62865K, committed 63616K, reserved 1114112K
  class space    used 8538K, committed 8896K, reserved 1048576K
}
Event: 3.419 GC heap after
{Heap after GC invocations=16 (full 0):
 garbage-first heap   total 90112K, used 27803K [0x0000000722400000, 0x0000000800000000)
  region size 2048K, 4 young (8192K), 4 survivors (8192K)
 Metaspace       used 62865K, committed 63616K, reserved 1114112K
  class space    used 8538K, committed 8896K, reserved 1048576K
}
Event: 3.441 GC heap before
{Heap before GC invocations=16 (full 0):
 garbage-first heap   total 90112K, used 27803K [0x0000000722400000, 0x0000000800000000)
  region size 2048K, 5 young (10240K), 4 survivors (8192K)
 Metaspace       used 63075K, committed 63808K, reserved 1114112K
  class space    used 8566K, committed 8896K, reserved 1048576K
}
Event: 3.444 GC heap after
{Heap after GC invocations=17 (full 0):
 garbage-first heap   total 90112K, used 28531K [0x0000000722400000, 0x0000000800000000)
  region size 2048K, 1 young (2048K), 1 survivors (2048K)
 Metaspace       used 63075K, committed 63808K, reserved 1114112K
  class space    used 8566K, committed 8896K, reserved 1048576K
}

